"C:\Program Files\JetBrains\CLion 2018.2.5\bin\cmake\win\bin\cmake.exe" -DCMAKE_BUILD_TYPE=Debug -G "CodeBlocks - NMake Makefiles" C:\Users\s_cla\ドキュメント\repos\kosen\C++\DSP\dsp1-7\dsp1-7
-- The C compiler identification is MSVC 19.15.26732.1
-- The CXX compiler identification is MSVC 19.15.26732.1
-- Check for working C compiler: C:/Program Files (x86)/Microsoft Visual Studio/2017/Community/VC/Tools/MSVC/14.15.26726/bin/Hostx86/x86/cl.exe
-- Check for working C compiler: C:/Program Files (x86)/Microsoft Visual Studio/2017/Community/VC/Tools/MSVC/14.15.26726/bin/Hostx86/x86/cl.exe -- broken
CMake Error at C:/Program Files/JetBrains/CLion 2018.2.5/bin/cmake/win/share/cmake-3.12/Modules/CMakeTestCCompiler.cmake:52 (message):
  The C compiler

    "C:/Program Files (x86)/Microsoft Visual Studio/2017/Community/VC/Tools/MSVC/14.15.26726/bin/Hostx86/x86/cl.exe"

  is not able to compile a simple test program.

  It fails with the following output:

    Change Dir: C:/Users/s_cla/繝峨く繝･繝｡繝ｳ繝�/repos/kosen/C++/DSP/dsp1-7/dsp1-7/cmake-build-debug/CMakeFiles/CMakeTmp
    
    Run Build Command:"nmake" "/nologo" "cmTC_4105c\fast"
    	"C:\Program Files (x86)\Microsoft Visual Studio\2017\Community\VC\Tools\MSVC\14.15.26726\bin\HostX86\x86\nmake.exe" -f CMakeFiles\cmTC_4105c.dir\build.make /nologo -L                  CMakeFiles\cmTC_4105c.dir\build
    Building C object CMakeFiles/cmTC_4105c.dir/testCCompiler.c.obj
    	C:\PROGRA~2\MICROS~1\2017\COMMUN~1\VC\Tools\MSVC\1415~1.267\bin\Hostx86\x86\cl.exe @C:\Users\s_cla\AppData\Local\Temp\nmCC9C.tmp
    testCCompiler.c
    Linking C executable cmTC_4105c.exe
    	"C:\Program Files\JetBrains\CLion 2018.2.5\bin\cmake\win\bin\cmake.exe" -E vs_link_exe --intdir=CMakeFiles\cmTC_4105c.dir --manifests  -- C:\PROGRA~2\MICROS~1\2017\COMMUN~1\VC\Tools\MSVC\1415~1.267\bin\Hostx86\x86\link.exe /nologo @CMakeFiles\cmTC_4105c.dir\objects1.rsp @C:\Users\s_cla\AppData\Local\Temp\nmCD39.tmp
    RC Pass 1: command "rc /foCMakeFiles\cmTC_4105c.dir/manifest.res CMakeFiles\cmTC_4105c.dir/manifest.rc" failed (exit code 1) with the following output:
    Microsoft (R) Windows (R) Resource Compiler Version 10.0.10011.16384
    Copyright (C) Microsoft Corporation.  All rights reserved.
    
    
    CMakeFiles\cmTC_4105c.dir/manifest.rc(1) : error RC2135 : file not found: C:/Users/s_cla/NMAKE : fatal error U1077: '"C:\Program Files\JetBrains\CLion 2018.2.5\bin\cmake\win\bin\cmake.exe"' : 繝ｪ繧ｿ繝ｼ繝ｳ 繧ｳ繝ｼ繝� '0xffffffff'
    Stop.
    NMAKE : fatal error U1077: '"C:\Program Files (x86)\Microsoft Visual Studio\2017\Community\VC\Tools\MSVC\14.15.26726\bin\HostX86\x86\nmake.exe"' : 繝ｪ繧ｿ繝ｼ繝ｳ 繧ｳ繝ｼ繝� '0x2'
    Stop.
    

  

  CMake will not be able to correctly generate this project.
Call Stack (most recent call first):
  CMakeLists.txt:2 (project)


-- Configuring incomplete, errors occurred!
See also "C:/Users/s_cla/繝峨く繝･繝｡繝ｳ繝�/repos/kosen/C++/DSP/dsp1-7/dsp1-7/cmake-build-debug/CMakeFiles/CMakeOutput.log".
See also "C:/Users/s_cla/繝峨く繝･繝｡繝ｳ繝�/repos/kosen/C++/DSP/dsp1-7/dsp1-7/cmake-build-debug/CMakeFiles/CMakeError.log".
